{"message":"Unauthorized request to path: /api/notes","level":"error"}
{"message":"Unauthorized request to path: /notes","level":"error"}
{"message":"Unauthorized request to path: /api/folders","level":"error"}
{"message":"Unauthorized request to path: /api/folders","level":"error"}
{"message":"Unauthorized request to path: /api/folders","level":"error"}
{"message":"Unauthorized request to path: /api/folders","level":"error"}
{"message":"Unauthorized request to path: /api/folders","level":"error"}
{"message":"Unauthorized request to path: /api/folders/123456","level":"error"}
{"message":"Unauthorized request to path: /api/folders/2","level":"error"}
{"message":"Unauthorized request to path: /api/folders/123456","level":"error"}
{"message":"Unauthorized request to path: /api/folders/1","level":"error"}
{"message":"Unauthorized request to path: /api/folders/123456","level":"error"}
{"message":"Unauthorized request to path: /api/folders/1","level":"error"}
{"message":"Unauthorized request to path: /api/notes","level":"error"}
{"message":"Unauthorized request to path: /api/notes","level":"error"}
{"message":"Unauthorized request to path: /api/notes","level":"error"}
{"message":"Unauthorized request to path: /api/notes","level":"error"}
{"message":"Unauthorized request to path: /api/notes","level":"error"}
{"message":"Unauthorized request to path: /api/notes","level":"error"}
{"message":"Unauthorized request to path: /api/notes/123456","level":"error"}
{"message":"Unauthorized request to path: /api/notes/2","level":"error"}
{"message":"Unauthorized request to path: /api/notes/911","level":"error"}
{"message":"Unauthorized request to path: /api/notes/123456","level":"error"}
{"message":"Unauthorized request to path: /api/notes/1","level":"error"}
{"message":"Unauthorized request to path: /api/notes/123456","level":"error"}
{"message":"Unauthorized request to path: /api/notes/1","level":"error"}
{"message":"Unauthorized request to path: /api/folders","level":"error"}
{"message":"Unauthorized request to path: /api/folders","level":"error"}
{"message":"Unauthorized request to path: /api/folders","level":"error"}
{"message":"Unauthorized request to path: /api/folders/123456","level":"error"}
{"message":"Unauthorized request to path: /api/folders/2","level":"error"}
{"message":"Unauthorized request to path: /api/folders/123456","level":"error"}
{"message":"Unauthorized request to path: /api/folders/1","level":"error"}
{"message":"Unauthorized request to path: /api/folders/123456","level":"error"}
{"message":"Unauthorized request to path: /api/folders/1","level":"error"}
{"message":"Unauthorized request to path: /api/notes","level":"error"}
{"message":"Unauthorized request to path: /api/notes","level":"error"}
{"message":"Unauthorized request to path: /api/notes","level":"error"}
{"message":"Unauthorized request to path: /api/notes","level":"error"}
{"message":"Unauthorized request to path: /api/notes","level":"error"}
{"message":"Unauthorized request to path: /api/notes","level":"error"}
{"message":"Unauthorized request to path: /api/notes/123456","level":"error"}
{"message":"Unauthorized request to path: /api/notes/2","level":"error"}
{"message":"Unauthorized request to path: /api/notes/911","level":"error"}
{"message":"Unauthorized request to path: /api/notes/123456","level":"error"}
{"message":"Unauthorized request to path: /api/notes/1","level":"error"}
{"message":"Unauthorized request to path: /api/notes/123456","level":"error"}
{"message":"Unauthorized request to path: /api/notes/1","level":"error"}
{"message":"Unauthorized request to path: /api/folders/1","level":"error"}
